<?xml version="1.0" encoding="UTF-8"?>
<testng-results ignored="0" total="1" passed="1" failed="0" skipped="0">
  <reporter-output>
    <line>
      <![CDATA[Enter Valid User Name]]>
    </line>
    <line>
      <![CDATA[Enter Valid Password]]>
    </line>
    <line>
      <![CDATA[Click on Login Button]]>
    </line>
    <line>
      <![CDATA[Verify Error Message is displayed]]>
    </line>
    <line>
      <![CDATA[Error Message is Displayed]]>
    </line>
  </reporter-output>
  <suite started-at="2022-08-23T19:07:36 IST" name="Default suite" finished-at="2022-08-23T19:07:48 IST" duration-ms="12250">
    <groups>
      <group name="Smoke">
        <method signature="InValidLogin.testInValidLogin(java.lang.String,java.lang.String)[pri:2, instance:script.InValidLogin@202b0582]" name="testInValidLogin" class="script.InValidLogin"/>
      </group> <!-- Smoke -->
    </groups>
    <test started-at="2022-08-23T19:07:36 IST" name="Default test" finished-at="2022-08-23T19:07:48 IST" duration-ms="12250">
      <class name="script.InValidLogin">
        <test-method is-config="true" signature="initReport()[pri:0, instance:script.InValidLogin@202b0582]" started-at="2022-08-23T19:07:36 IST" name="initReport" finished-at="2022-08-23T19:07:36 IST" duration-ms="360" status="PASS">
          <reporter-output>
          </reporter-output>
        </test-method> <!-- initReport -->
        <test-method is-config="true" signature="createTest(java.lang.reflect.Method)[pri:0, instance:script.InValidLogin@202b0582]" started-at="2022-08-23T19:07:37 IST" name="createTest" finished-at="2022-08-23T19:07:37 IST" duration-ms="6" status="PASS">
          <params>
            <param index="0">
              <value>
                <![CDATA[public void script.InValidLogin.testInValidLogin(java.lang.String,java.lang.String)]]>
              </value>
            </param>
          </params>
          <reporter-output>
          </reporter-output>
        </test-method> <!-- createTest -->
        <test-method is-config="true" signature="openApp()[pri:0, instance:script.InValidLogin@202b0582]" started-at="2022-08-23T19:07:37 IST" name="openApp" finished-at="2022-08-23T19:07:46 IST" duration-ms="8666" status="PASS">
          <reporter-output>
          </reporter-output>
        </test-method> <!-- openApp -->
        <test-method signature="testInValidLogin(java.lang.String,java.lang.String)[pri:2, instance:script.InValidLogin@202b0582]" started-at="2022-08-23T19:07:46 IST" name="testInValidLogin" data-provider="getData" finished-at="2022-08-23T19:07:48 IST" duration-ms="1715" status="PASS">
          <params>
            <param index="0">
              <value>
                <![CDATA[a]]>
              </value>
            </param>
            <param index="1">
              <value>
                <![CDATA[b]]>
              </value>
            </param>
          </params>
          <reporter-output>
            <line>
              <![CDATA[Enter Valid User Name]]>
            </line>
            <line>
              <![CDATA[Enter Valid Password]]>
            </line>
            <line>
              <![CDATA[Click on Login Button]]>
            </line>
            <line>
              <![CDATA[Verify Error Message is displayed]]>
            </line>
            <line>
              <![CDATA[Error Message is Displayed]]>
            </line>
          </reporter-output>
        </test-method> <!-- testInValidLogin -->
        <test-method is-config="true" signature="closeApp(org.testng.ITestResult,java.lang.reflect.Method)[pri:0, instance:script.InValidLogin@202b0582]" started-at="2022-08-23T19:07:48 IST" name="closeApp" finished-at="2022-08-23T19:07:48 IST" duration-ms="653" status="PASS">
          <params>
            <param index="0">
              <value>
                <![CDATA[[TestResult name=testInValidLogin status=SUCCESS method=InValidLogin.testInValidLogin(java.lang.String,java.lang.String)[pri:2, instance:script.InValidLogin@202b0582] output=Enter Valid User Name]]]>
              </value>
            </param>
            <param index="1">
              <value>
                <![CDATA[public void script.InValidLogin.testInValidLogin(java.lang.String,java.lang.String)]]>
              </value>
            </param>
          </params>
          <reporter-output>
          </reporter-output>
        </test-method> <!-- closeApp -->
        <test-method is-config="true" signature="publishReport()[pri:0, instance:script.InValidLogin@202b0582]" started-at="2022-08-23T19:07:49 IST" name="publishReport" finished-at="2022-08-23T19:07:49 IST" duration-ms="320" status="PASS">
          <reporter-output>
          </reporter-output>
        </test-method> <!-- publishReport -->
      </class> <!-- script.InValidLogin -->
    </test> <!-- Default test -->
  </suite> <!-- Default suite -->
</testng-results>
